<?xml version="1.0" encoding="UTF-8"?>
<!-- Generated by org.testng.reporters.JUnitXMLReporter -->
<testsuite ignored="7" hostname="TYSS-Amar" failures="0" tests="3" name="froupingtest" time="0.079" errors="0" timestamp="2025-01-18T09:26:12 IST">
  <testcase classname="TestNG.Grouping.SignUp" name="signUpEmail" time="0.014"/>
  <testcase classname="TestNG.Grouping.SignUp" name="signupFb" time="0.002"/>
  <testcase classname="TestNG.Grouping.SignUp" name="signUpTwitter" time="0.002"/>
  <testcase classname="TestNG.Grouping.LoginTest" name="loginEmail" time="0.0">
    <ignored/>
  </testcase> <!-- loginEmail -->
  <testcase classname="TestNG.Grouping.LoginTest" name="loginTwitter" time="0.0">
    <ignored/>
  </testcase> <!-- loginTwitter -->
  <testcase classname="TestNG.Grouping.SignUp" name="smokeTest" time="0.0">
    <ignored/>
  </testcase> <!-- smokeTest -->
  <testcase classname="TestNG.Grouping.SignUp" name="dependentTest" time="0.0">
    <ignored/>
  </testcase> <!-- dependentTest -->
  <testcase classname="TestNG.Grouping.payments" name="paymenstInDollers" time="0.0">
    <ignored/>
  </testcase> <!-- paymenstInDollers -->
  <testcase classname="TestNG.Grouping.payments" name="paymenstInRuppes" time="0.0">
    <ignored/>
  </testcase> <!-- paymenstInRuppes -->
  <testcase classname="TestNG.Grouping.LoginTest" name="loginFb" time="0.0">
    <ignored/>
  </testcase> <!-- loginFb -->
</testsuite> <!-- froupingtest -->
